2020-08-21 10:17:40,255 INFO  [log] {data={access_token=5356896413bb61327765cfe1b57bd93ebac8e751, expires_in=86400, token_type=Bearer}, error=[], success=1}
2020-08-21 10:17:40,264 INFO  [log] 5356896413bb61327765cfe1b57bd93ebac8e751
2020-08-21 10:17:54,365 INFO  [log] 2
2020-08-21 10:17:54,374 INFO  [log] upskills_admin
2020-08-21 10:17:54,389 INFO  [log] Talent4$$
2020-08-21 10:17:54,422 INFO  [log] com.eviware.soapui.impl.wsdl.testcase.WsdlTestCase@18edced
2020-08-21 10:17:57,318 INFO  [log] upskills_admin
2020-08-21 10:17:57,319 INFO  [log] Talent4$$
2020-08-21 10:17:57,321 INFO  [log] com.eviware.soapui.impl.wsdl.testcase.WsdlTestCase@18edced
2020-08-21 14:54:42,976 INFO  [log] {data={access_token=35b7f18dbab236a05931db4baf86432d15353297, expires_in=86400, token_type=Bearer}, error=[], success=1}
2020-08-21 14:54:42,981 INFO  [log] 35b7f18dbab236a05931db4baf86432d15353297
2020-08-21 14:54:48,618 INFO  [log] {data={access_token=013592f9e2858bc6140f546a64c1b347c4f03aea, expires_in=86400, token_type=Bearer}, error=[], success=1}
2020-08-21 14:54:48,620 INFO  [log] 013592f9e2858bc6140f546a64c1b347c4f03aea
2020-08-21 14:54:48,643 INFO  [log] {data={access_token=013592f9e2858bc6140f546a64c1b347c4f03aea, expires_in=86400, token_type=Bearer}, error=[], success=1}
2020-08-21 14:54:48,644 INFO  [log] 013592f9e2858bc6140f546a64c1b347c4f03aea
2020-08-21 14:54:52,007 INFO  [log] {data={id=1733}, error=[], success=1}
2020-08-21 14:54:52,007 INFO  [log] 1733
2020-08-21 14:54:59,537 INFO  [log] {data={access_token=d06d6c76ec472832957667bb0be82aa11d7ee06e, expires_in=86400, token_type=Bearer}, error=[], success=1}
2020-08-21 14:54:59,538 INFO  [log] d06d6c76ec472832957667bb0be82aa11d7ee06e
2020-08-21 14:54:59,565 INFO  [log] {data={access_token=d06d6c76ec472832957667bb0be82aa11d7ee06e, expires_in=86400, token_type=Bearer}, error=[], success=1}
2020-08-21 14:54:59,565 INFO  [log] d06d6c76ec472832957667bb0be82aa11d7ee06e
2020-08-21 14:55:01,874 INFO  [log] {data={id=1617}, error=[], success=1}
2020-08-21 14:55:01,875 INFO  [log] 1617
2020-08-21 14:55:04,311 INFO  [log] {data={id=2184}, error=[], success=1}
2020-08-21 14:55:04,313 INFO  [log] 2184
2020-08-21 14:55:08,749 INFO  [log] {data={access_token=e4b18d34e4a456f2cf792ec07fb85c8c84a55d7e, expires_in=86400, token_type=Bearer}, error=[], success=1}
2020-08-21 14:55:08,749 INFO  [log] e4b18d34e4a456f2cf792ec07fb85c8c84a55d7e
2020-08-21 14:55:08,774 INFO  [log] {data={access_token=e4b18d34e4a456f2cf792ec07fb85c8c84a55d7e, expires_in=86400, token_type=Bearer}, error=[], success=1}
2020-08-21 14:55:08,775 INFO  [log] e4b18d34e4a456f2cf792ec07fb85c8c84a55d7e
2020-08-21 14:55:10,921 INFO  [log] {data={id=1618}, error=[], success=1}
2020-08-21 14:55:10,922 INFO  [log] 1618
2020-08-21 14:55:12,498 INFO  [log] {data={id=2185}, error=[], success=1}
2020-08-21 14:55:12,498 INFO  [log] 2185
2020-08-21 14:55:14,939 INFO  [log] {data={id=705}, error=[], success=1}
2020-08-21 14:55:14,940 INFO  [log] 705
2020-08-21 14:55:22,085 INFO  [log] 2
2020-08-21 14:55:22,092 INFO  [log] upskills_admin
2020-08-21 14:55:22,101 INFO  [log] Talent4$$
2020-08-21 14:55:22,146 INFO  [log] com.eviware.soapui.impl.wsdl.testcase.WsdlTestCase@79e184
2020-08-21 14:55:26,047 INFO  [log] upskills_admin
2020-08-21 14:55:26,047 INFO  [log] Talent4$$
2020-08-21 14:55:26,050 INFO  [log] com.eviware.soapui.impl.wsdl.testcase.WsdlTestCase@79e184
2020-08-21 14:55:27,868 INFO  [log] {data={access_token=6fa9c26e2aefabb8ad68f828905c00de26976ee0, expires_in=86400, token_type=Bearer}, error=[], success=1}
2020-08-21 14:55:27,869 INFO  [log] 6fa9c26e2aefabb8ad68f828905c00de26976ee0
2020-08-21 14:58:15,583 INFO  [log] {data={access_token=d4f7cc7203513321d35e3a8d0789f59d273dac00, expires_in=86400, token_type=Bearer}, error=[], success=1}
2020-08-21 14:58:15,588 INFO  [log] d4f7cc7203513321d35e3a8d0789f59d273dac00
2020-08-21 14:58:19,143 INFO  [log] {data={access_token=285a672b1357db8fafbbe1c4e01bfe795b4dc958, expires_in=86400, token_type=Bearer}, error=[], success=1}
2020-08-21 14:58:19,145 INFO  [log] 285a672b1357db8fafbbe1c4e01bfe795b4dc958
2020-08-21 14:58:19,180 INFO  [log] {data={access_token=285a672b1357db8fafbbe1c4e01bfe795b4dc958, expires_in=86400, token_type=Bearer}, error=[], success=1}
2020-08-21 14:58:19,181 INFO  [log] 285a672b1357db8fafbbe1c4e01bfe795b4dc958
2020-08-21 14:58:21,167 INFO  [log] {data={id=1735}, error=[], success=1}
2020-08-21 14:58:21,167 INFO  [log] 1735
2020-08-21 14:58:24,306 INFO  [log] {data={access_token=687dd2ff61769c6e09b0bc19155cb14f08d9cde9, expires_in=86400, token_type=Bearer}, error=[], success=1}
2020-08-21 14:58:24,307 INFO  [log] 687dd2ff61769c6e09b0bc19155cb14f08d9cde9
2020-08-21 14:58:24,329 INFO  [log] {data={access_token=687dd2ff61769c6e09b0bc19155cb14f08d9cde9, expires_in=86400, token_type=Bearer}, error=[], success=1}
2020-08-21 14:58:24,329 INFO  [log] 687dd2ff61769c6e09b0bc19155cb14f08d9cde9
2020-08-21 14:58:26,691 INFO  [log] {data={access_token=50354cf5a589fb79c0c6db88f415ed4720c356e4, expires_in=86400, token_type=Bearer}, error=[], success=1}
2020-08-21 14:58:26,692 INFO  [log] 50354cf5a589fb79c0c6db88f415ed4720c356e4
2020-08-21 14:58:26,715 INFO  [log] {data={access_token=50354cf5a589fb79c0c6db88f415ed4720c356e4, expires_in=86400, token_type=Bearer}, error=[], success=1}
2020-08-21 14:58:26,717 INFO  [log] 50354cf5a589fb79c0c6db88f415ed4720c356e4
2020-08-21 14:58:28,431 INFO  [log] 2
2020-08-21 14:58:28,439 INFO  [log] upskills_admin
2020-08-21 14:58:28,445 INFO  [log] Talent4$$
2020-08-21 14:58:28,492 INFO  [log] com.eviware.soapui.impl.wsdl.testcase.WsdlTestCase@188ca13
2020-08-21 14:58:29,321 INFO  [log] {data={access_token=84c0b746e8ea689e5f390c31839be96a5c66884b, expires_in=86400, token_type=Bearer}, error=[], success=1}
2020-08-21 14:58:29,324 INFO  [log] 84c0b746e8ea689e5f390c31839be96a5c66884b
2020-08-21 14:58:31,665 INFO  [log] upskills_admin
2020-08-21 14:58:31,665 INFO  [log] Talent4$$
2020-08-21 14:58:31,668 INFO  [log] com.eviware.soapui.impl.wsdl.testcase.WsdlTestCase@188ca13
2020-08-21 14:58:32,619 INFO  [log] {data={access_token=5bc45d435b0e397cae9c72283d1d5bf0c99c13cc, expires_in=86400, token_type=Bearer}, error=[], success=1}
2020-08-21 14:58:32,622 INFO  [log] 5bc45d435b0e397cae9c72283d1d5bf0c99c13cc
2020-08-21 15:01:41,026 INFO  [log] {data={access_token=9021221a85ffa2988740edfb19df925de3e15a2a, expires_in=86400, token_type=Bearer}, error=[], success=1}
2020-08-21 15:01:41,030 INFO  [log] 9021221a85ffa2988740edfb19df925de3e15a2a
2020-08-21 15:01:44,518 INFO  [log] {data={access_token=c61cc7e5c64448fb6a645ccecfd9cd1cfd95eae7, expires_in=86400, token_type=Bearer}, error=[], success=1}
2020-08-21 15:01:44,521 INFO  [log] c61cc7e5c64448fb6a645ccecfd9cd1cfd95eae7
2020-08-21 15:01:44,557 INFO  [log] {data={access_token=c61cc7e5c64448fb6a645ccecfd9cd1cfd95eae7, expires_in=86400, token_type=Bearer}, error=[], success=1}
2020-08-21 15:01:44,558 INFO  [log] c61cc7e5c64448fb6a645ccecfd9cd1cfd95eae7
2020-08-21 15:01:45,814 INFO  [log] {data={id=1737}, error=[], success=1}
2020-08-21 15:01:45,815 INFO  [log] 1737
2020-08-21 15:01:48,402 INFO  [log] {data={access_token=512a26e85c15863924a866e0d27df9d516135e6a, expires_in=86400, token_type=Bearer}, error=[], success=1}
2020-08-21 15:01:48,404 INFO  [log] 512a26e85c15863924a866e0d27df9d516135e6a
2020-08-21 15:01:48,427 INFO  [log] {data={access_token=512a26e85c15863924a866e0d27df9d516135e6a, expires_in=86400, token_type=Bearer}, error=[], success=1}
2020-08-21 15:01:48,428 INFO  [log] 512a26e85c15863924a866e0d27df9d516135e6a
2020-08-21 15:01:50,543 INFO  [log] {data={id=1619}, error=[], success=1}
2020-08-21 15:01:50,544 INFO  [log] 1619
2020-08-21 15:01:51,332 INFO  [log] {data={id=2188}, error=[], success=1}
2020-08-21 15:01:51,334 INFO  [log] 2188
2020-08-21 15:01:55,215 INFO  [log] {data={access_token=bee293321460572b0394e9f720fd2fe60a897d3e, expires_in=86400, token_type=Bearer}, error=[], success=1}
2020-08-21 15:01:55,215 INFO  [log] bee293321460572b0394e9f720fd2fe60a897d3e
2020-08-21 15:01:55,240 INFO  [log] {data={access_token=bee293321460572b0394e9f720fd2fe60a897d3e, expires_in=86400, token_type=Bearer}, error=[], success=1}
2020-08-21 15:01:55,240 INFO  [log] bee293321460572b0394e9f720fd2fe60a897d3e
2020-08-21 15:01:56,498 INFO  [log] {data={id=1620}, error=[], success=1}
2020-08-21 15:01:56,498 INFO  [log] 1620
2020-08-21 15:01:57,889 INFO  [log] {data={id=2189}, error=[], success=1}
2020-08-21 15:01:57,890 INFO  [log] 2189
2020-08-21 15:01:59,035 INFO  [log] {data={id=707}, error=[], success=1}
2020-08-21 15:01:59,036 INFO  [log] 707
2020-08-21 15:02:01,091 INFO  [log] 2
2020-08-21 15:02:01,103 INFO  [log] upskills_admin
2020-08-21 15:02:01,108 INFO  [log] Talent4$$
2020-08-21 15:02:01,147 INFO  [log] com.eviware.soapui.impl.wsdl.testcase.WsdlTestCase@837b9b
2020-08-21 15:02:01,639 INFO  [log] {data={access_token=5907caf65db3dab0536ab4627c5bcbac6ad2ffa7, expires_in=86400, token_type=Bearer}, error=[], success=1}
2020-08-21 15:02:01,640 INFO  [log] 5907caf65db3dab0536ab4627c5bcbac6ad2ffa7
2020-08-21 15:02:06,357 INFO  [log] upskills_admin
2020-08-21 15:02:06,357 INFO  [log] Talent4$$
2020-08-21 15:02:06,359 INFO  [log] com.eviware.soapui.impl.wsdl.testcase.WsdlTestCase@837b9b
2020-08-21 15:02:07,433 INFO  [log] {data={access_token=c0bb21c6f3c25e97d850dfa7943dcec3353d41bc, expires_in=86400, token_type=Bearer}, error=[], success=1}
2020-08-21 15:02:07,433 INFO  [log] c0bb21c6f3c25e97d850dfa7943dcec3353d41bc
