2020-08-21 15:01:24,479 WARN  [SoapUI] Missing folder [C:\Users\SindhuMarar\Desktop\Project_Rest\my-app\ext] for external libraries
2020-08-21 15:01:24,749 INFO  [DefaultSoapUICore] initialized soapui-settings from [C:\Users\SindhuMarar\soapui-settings.xml]
2020-08-21 15:01:31,923 WARN  [SoapUI] Plugin 'ready-uxm-plugin-os-1.0.3.jar' is not loaded because it hasn't been signed by SmartBear Software.
2020-08-21 15:01:32,562 INFO  [PluginManager] Adding plugin from [C:\Users\SindhuMarar\.soapuios\plugins\readyapi-postman-1.0.1.jar]
2020-08-21 15:01:32,562 INFO  [PluginManager] Adding plugin from [C:\Users\SindhuMarar\.soapuios\plugins\soapui-swagger-plugin-2.2-dist.jar]
2020-08-21 15:01:33,845 ERROR [SoapUI] An error occurred [com.eviware.soapui.plugins.auto.factories.AutoImportMethodFactory], see error log for details
2020-08-21 15:01:33,847 ERROR [errorlog] java.lang.ClassNotFoundException: com.eviware.soapui.plugins.auto.factories.AutoImportMethodFactory
java.lang.ClassNotFoundException: com.eviware.soapui.plugins.auto.factories.AutoImportMethodFactory
	at org.codehaus.plexus.classworlds.strategy.SelfFirstStrategy.loadClass(SelfFirstStrategy.java:50)
	at org.codehaus.plexus.classworlds.realm.ClassRealm.unsynchronizedLoadClass(ClassRealm.java:271)
	at org.codehaus.plexus.classworlds.realm.ClassRealm.loadClass(ClassRealm.java:247)
	at org.codehaus.plexus.classworlds.realm.ClassRealm.loadClass(ClassRealm.java:239)
	at java.lang.Class.forName0(Native Method)
	at java.lang.Class.forName(Class.java:264)
	at com.eviware.soapui.plugins.LoaderBase.loadAutoFactories(LoaderBase.java:113)
	at com.eviware.soapui.plugins.LoaderBase.loadFactories(LoaderBase.java:80)
	at com.eviware.soapui.plugins.PluginLoader.loadPluginFactories(PluginLoader.java:141)
	at com.eviware.soapui.plugins.PluginLoader.loadPlugin(PluginLoader.java:104)
	at com.eviware.soapui.plugins.PluginLoader.loadPlugin(PluginLoader.java:54)
	at com.eviware.soapui.plugins.PluginManager.doInstallPlugin(PluginManager.java:141)
	at com.eviware.soapui.plugins.PluginManager.access$600(PluginManager.java:43)
	at com.eviware.soapui.plugins.PluginManager$LoadPluginsTask.computeSequentially(PluginManager.java:420)
	at com.eviware.soapui.plugins.PluginManager$LoadPluginsTask.compute(PluginManager.java:377)
	at com.eviware.soapui.plugins.PluginManager$LoadPluginsTask.compute(PluginManager.java:382)
	at com.eviware.soapui.plugins.PluginManager$LoadPluginsTask.compute(PluginManager.java:365)
	at java.util.concurrent.RecursiveTask.exec(RecursiveTask.java:94)
	at java.util.concurrent.ForkJoinTask.doExec(ForkJoinTask.java:289)
	at java.util.concurrent.ForkJoinPool$WorkQueue.runTask(ForkJoinPool.java:1056)
	at java.util.concurrent.ForkJoinPool.runWorker(ForkJoinPool.java:1692)
	at java.util.concurrent.ForkJoinWorkerThread.run(ForkJoinWorkerThread.java:157)
2020-08-21 15:01:34,105 ERROR [SoapUI] An error occurred [com.eviware.soapui.plugins.auto.factories.AutoDiscoveryMethodFactory], see error log for details
2020-08-21 15:01:34,106 ERROR [errorlog] java.lang.ClassNotFoundException: com.eviware.soapui.plugins.auto.factories.AutoDiscoveryMethodFactory
java.lang.ClassNotFoundException: com.eviware.soapui.plugins.auto.factories.AutoDiscoveryMethodFactory
	at org.codehaus.plexus.classworlds.strategy.SelfFirstStrategy.loadClass(SelfFirstStrategy.java:50)
	at org.codehaus.plexus.classworlds.realm.ClassRealm.unsynchronizedLoadClass(ClassRealm.java:271)
	at org.codehaus.plexus.classworlds.realm.ClassRealm.loadClass(ClassRealm.java:247)
	at org.codehaus.plexus.classworlds.realm.ClassRealm.loadClass(ClassRealm.java:239)
	at java.lang.Class.forName0(Native Method)
	at java.lang.Class.forName(Class.java:264)
	at com.eviware.soapui.plugins.LoaderBase.loadAutoFactories(LoaderBase.java:113)
	at com.eviware.soapui.plugins.LoaderBase.loadFactories(LoaderBase.java:80)
	at com.eviware.soapui.plugins.PluginLoader.loadPluginFactories(PluginLoader.java:141)
	at com.eviware.soapui.plugins.PluginLoader.loadPlugin(PluginLoader.java:104)
	at com.eviware.soapui.plugins.PluginLoader.loadPlugin(PluginLoader.java:54)
	at com.eviware.soapui.plugins.PluginManager.doInstallPlugin(PluginManager.java:141)
	at com.eviware.soapui.plugins.PluginManager.access$600(PluginManager.java:43)
	at com.eviware.soapui.plugins.PluginManager$LoadPluginsTask.computeSequentially(PluginManager.java:420)
	at com.eviware.soapui.plugins.PluginManager$LoadPluginsTask.compute(PluginManager.java:377)
	at com.eviware.soapui.plugins.PluginManager$LoadPluginsTask.compute(PluginManager.java:382)
	at com.eviware.soapui.plugins.PluginManager$LoadPluginsTask.compute(PluginManager.java:365)
	at java.util.concurrent.RecursiveTask.exec(RecursiveTask.java:94)
	at java.util.concurrent.ForkJoinTask.doExec(ForkJoinTask.java:289)
	at java.util.concurrent.ForkJoinPool$WorkQueue.runTask(ForkJoinPool.java:1056)
	at java.util.concurrent.ForkJoinPool.runWorker(ForkJoinPool.java:1692)
	at java.util.concurrent.ForkJoinWorkerThread.run(ForkJoinWorkerThread.java:157)
2020-08-21 15:01:34,260 ERROR [SoapUI] An error occurred [com.eviware.soapui.plugins.auto.factories.AutoImportMethodFactory], see error log for details
2020-08-21 15:01:34,261 ERROR [errorlog] java.lang.ClassNotFoundException: com.eviware.soapui.plugins.auto.factories.AutoImportMethodFactory
java.lang.ClassNotFoundException: com.eviware.soapui.plugins.auto.factories.AutoImportMethodFactory
	at org.codehaus.plexus.classworlds.strategy.SelfFirstStrategy.loadClass(SelfFirstStrategy.java:50)
	at org.codehaus.plexus.classworlds.realm.ClassRealm.unsynchronizedLoadClass(ClassRealm.java:271)
	at org.codehaus.plexus.classworlds.realm.ClassRealm.loadClass(ClassRealm.java:247)
	at org.codehaus.plexus.classworlds.realm.ClassRealm.loadClass(ClassRealm.java:239)
	at java.lang.Class.forName0(Native Method)
	at java.lang.Class.forName(Class.java:264)
	at com.eviware.soapui.plugins.LoaderBase.loadAutoFactories(LoaderBase.java:113)
	at com.eviware.soapui.plugins.LoaderBase.loadFactories(LoaderBase.java:80)
	at com.eviware.soapui.plugins.PluginLoader.loadPluginFactories(PluginLoader.java:141)
	at com.eviware.soapui.plugins.PluginLoader.loadPlugin(PluginLoader.java:104)
	at com.eviware.soapui.plugins.PluginLoader.loadPlugin(PluginLoader.java:54)
	at com.eviware.soapui.plugins.PluginManager.doInstallPlugin(PluginManager.java:141)
	at com.eviware.soapui.plugins.PluginManager.access$600(PluginManager.java:43)
	at com.eviware.soapui.plugins.PluginManager$LoadPluginsTask.computeSequentially(PluginManager.java:420)
	at com.eviware.soapui.plugins.PluginManager$LoadPluginsTask.compute(PluginManager.java:377)
	at com.eviware.soapui.plugins.PluginManager$LoadPluginsTask.compute(PluginManager.java:365)
	at java.util.concurrent.RecursiveTask.exec(RecursiveTask.java:94)
	at java.util.concurrent.ForkJoinTask.doExec(ForkJoinTask.java:289)
	at java.util.concurrent.ForkJoinPool$WorkQueue.runTask(ForkJoinPool.java:1056)
	at java.util.concurrent.ForkJoinPool.runWorker(ForkJoinPool.java:1692)
	at java.util.concurrent.ForkJoinWorkerThread.run(ForkJoinWorkerThread.java:157)
2020-08-21 15:01:34,439 INFO  [PluginManager] Adding plugin from [C:\Users\SindhuMarar\.soapuios\plugins\ready-mqtt-plugin-dist.jar]
2020-08-21 15:01:34,711 ERROR [SoapUI] An error occurred [com.eviware.soapui.plugins.auto.factories.AutoDiscoveryMethodFactory], see error log for details
2020-08-21 15:01:34,714 ERROR [errorlog] java.lang.ClassNotFoundException: com.eviware.soapui.plugins.auto.factories.AutoDiscoveryMethodFactory
java.lang.ClassNotFoundException: com.eviware.soapui.plugins.auto.factories.AutoDiscoveryMethodFactory
	at org.codehaus.plexus.classworlds.strategy.SelfFirstStrategy.loadClass(SelfFirstStrategy.java:50)
	at org.codehaus.plexus.classworlds.realm.ClassRealm.unsynchronizedLoadClass(ClassRealm.java:271)
	at org.codehaus.plexus.classworlds.realm.ClassRealm.loadClass(ClassRealm.java:247)
	at org.codehaus.plexus.classworlds.realm.ClassRealm.loadClass(ClassRealm.java:239)
	at java.lang.Class.forName0(Native Method)
	at java.lang.Class.forName(Class.java:264)
	at com.eviware.soapui.plugins.LoaderBase.loadAutoFactories(LoaderBase.java:113)
	at com.eviware.soapui.plugins.LoaderBase.loadFactories(LoaderBase.java:80)
	at com.eviware.soapui.plugins.PluginLoader.loadPluginFactories(PluginLoader.java:141)
	at com.eviware.soapui.plugins.PluginLoader.loadPlugin(PluginLoader.java:104)
	at com.eviware.soapui.plugins.PluginLoader.loadPlugin(PluginLoader.java:54)
	at com.eviware.soapui.plugins.PluginManager.doInstallPlugin(PluginManager.java:141)
	at com.eviware.soapui.plugins.PluginManager.access$600(PluginManager.java:43)
	at com.eviware.soapui.plugins.PluginManager$LoadPluginsTask.computeSequentially(PluginManager.java:420)
	at com.eviware.soapui.plugins.PluginManager$LoadPluginsTask.compute(PluginManager.java:377)
	at com.eviware.soapui.plugins.PluginManager$LoadPluginsTask.compute(PluginManager.java:365)
	at java.util.concurrent.RecursiveTask.exec(RecursiveTask.java:94)
	at java.util.concurrent.ForkJoinTask.doExec(ForkJoinTask.java:289)
	at java.util.concurrent.ForkJoinPool$WorkQueue.runTask(ForkJoinPool.java:1056)
	at java.util.concurrent.ForkJoinPool.runWorker(ForkJoinPool.java:1692)
	at java.util.concurrent.ForkJoinWorkerThread.run(ForkJoinWorkerThread.java:157)
2020-08-21 15:01:35,425 ERROR [SoapUI] An error occurred [com.eviware.soapui.plugins.auto.factories.AutoImportMethodFactory], see error log for details
2020-08-21 15:01:35,425 ERROR [errorlog] java.lang.ClassNotFoundException: com.eviware.soapui.plugins.auto.factories.AutoImportMethodFactory
java.lang.ClassNotFoundException: com.eviware.soapui.plugins.auto.factories.AutoImportMethodFactory
	at org.codehaus.plexus.classworlds.strategy.SelfFirstStrategy.loadClass(SelfFirstStrategy.java:50)
	at org.codehaus.plexus.classworlds.realm.ClassRealm.unsynchronizedLoadClass(ClassRealm.java:271)
	at org.codehaus.plexus.classworlds.realm.ClassRealm.loadClass(ClassRealm.java:247)
	at org.codehaus.plexus.classworlds.realm.ClassRealm.loadClass(ClassRealm.java:239)
	at java.lang.Class.forName0(Native Method)
	at java.lang.Class.forName(Class.java:264)
	at com.eviware.soapui.plugins.LoaderBase.loadAutoFactories(LoaderBase.java:113)
	at com.eviware.soapui.plugins.LoaderBase.loadFactories(LoaderBase.java:80)
	at com.eviware.soapui.plugins.PluginLoader.loadPluginFactories(PluginLoader.java:141)
	at com.eviware.soapui.plugins.PluginLoader.loadPlugin(PluginLoader.java:104)
	at com.eviware.soapui.plugins.PluginLoader.loadPlugin(PluginLoader.java:54)
	at com.eviware.soapui.plugins.PluginManager.doInstallPlugin(PluginManager.java:141)
	at com.eviware.soapui.plugins.PluginManager.access$600(PluginManager.java:43)
	at com.eviware.soapui.plugins.PluginManager$LoadPluginsTask.computeSequentially(PluginManager.java:420)
	at com.eviware.soapui.plugins.PluginManager$LoadPluginsTask.compute(PluginManager.java:377)
	at com.eviware.soapui.plugins.PluginManager$LoadPluginsTask.compute(PluginManager.java:382)
	at com.eviware.soapui.plugins.PluginManager$LoadPluginsTask.compute(PluginManager.java:365)
	at java.util.concurrent.RecursiveTask.exec(RecursiveTask.java:94)
	at java.util.concurrent.ForkJoinTask.doExec(ForkJoinTask.java:289)
	at java.util.concurrent.ForkJoinPool$WorkQueue.runTask(ForkJoinPool.java:1056)
	at java.util.concurrent.ForkJoinPool.runWorker(ForkJoinPool.java:1692)
	at java.util.concurrent.ForkJoinWorkerThread.run(ForkJoinWorkerThread.java:157)
2020-08-21 15:01:35,704 ERROR [SoapUI] An error occurred [com.eviware.soapui.plugins.auto.factories.AutoDiscoveryMethodFactory], see error log for details
2020-08-21 15:01:35,704 ERROR [errorlog] java.lang.ClassNotFoundException: com.eviware.soapui.plugins.auto.factories.AutoDiscoveryMethodFactory
java.lang.ClassNotFoundException: com.eviware.soapui.plugins.auto.factories.AutoDiscoveryMethodFactory
	at org.codehaus.plexus.classworlds.strategy.SelfFirstStrategy.loadClass(SelfFirstStrategy.java:50)
	at org.codehaus.plexus.classworlds.realm.ClassRealm.unsynchronizedLoadClass(ClassRealm.java:271)
	at org.codehaus.plexus.classworlds.realm.ClassRealm.loadClass(ClassRealm.java:247)
	at org.codehaus.plexus.classworlds.realm.ClassRealm.loadClass(ClassRealm.java:239)
	at java.lang.Class.forName0(Native Method)
	at java.lang.Class.forName(Class.java:264)
	at com.eviware.soapui.plugins.LoaderBase.loadAutoFactories(LoaderBase.java:113)
	at com.eviware.soapui.plugins.LoaderBase.loadFactories(LoaderBase.java:80)
	at com.eviware.soapui.plugins.PluginLoader.loadPluginFactories(PluginLoader.java:141)
	at com.eviware.soapui.plugins.PluginLoader.loadPlugin(PluginLoader.java:104)
	at com.eviware.soapui.plugins.PluginLoader.loadPlugin(PluginLoader.java:54)
	at com.eviware.soapui.plugins.PluginManager.doInstallPlugin(PluginManager.java:141)
	at com.eviware.soapui.plugins.PluginManager.access$600(PluginManager.java:43)
	at com.eviware.soapui.plugins.PluginManager$LoadPluginsTask.computeSequentially(PluginManager.java:420)
	at com.eviware.soapui.plugins.PluginManager$LoadPluginsTask.compute(PluginManager.java:377)
	at com.eviware.soapui.plugins.PluginManager$LoadPluginsTask.compute(PluginManager.java:382)
	at com.eviware.soapui.plugins.PluginManager$LoadPluginsTask.compute(PluginManager.java:365)
	at java.util.concurrent.RecursiveTask.exec(RecursiveTask.java:94)
	at java.util.concurrent.ForkJoinTask.doExec(ForkJoinTask.java:289)
	at java.util.concurrent.ForkJoinPool$WorkQueue.runTask(ForkJoinPool.java:1056)
	at java.util.concurrent.ForkJoinPool.runWorker(ForkJoinPool.java:1692)
	at java.util.concurrent.ForkJoinWorkerThread.run(ForkJoinWorkerThread.java:157)
2020-08-21 15:01:35,996 INFO  [PluginManager] Adding plugin from [C:\Users\SindhuMarar\.soapuios\plugins\readyapi-swaggerhub-plugin-1.0.jar]
2020-08-21 15:01:36,709 ERROR [SoapUI] An error occurred [com.eviware.soapui.plugins.auto.factories.AutoImportMethodFactory], see error log for details
2020-08-21 15:01:36,710 ERROR [errorlog] java.lang.ClassNotFoundException: com.eviware.soapui.plugins.auto.factories.AutoImportMethodFactory
java.lang.ClassNotFoundException: com.eviware.soapui.plugins.auto.factories.AutoImportMethodFactory
	at org.codehaus.plexus.classworlds.strategy.SelfFirstStrategy.loadClass(SelfFirstStrategy.java:50)
	at org.codehaus.plexus.classworlds.realm.ClassRealm.unsynchronizedLoadClass(ClassRealm.java:271)
	at org.codehaus.plexus.classworlds.realm.ClassRealm.loadClass(ClassRealm.java:247)
	at org.codehaus.plexus.classworlds.realm.ClassRealm.loadClass(ClassRealm.java:239)
	at java.lang.Class.forName0(Native Method)
	at java.lang.Class.forName(Class.java:264)
	at com.eviware.soapui.plugins.LoaderBase.loadAutoFactories(LoaderBase.java:113)
	at com.eviware.soapui.plugins.LoaderBase.loadFactories(LoaderBase.java:80)
	at com.eviware.soapui.plugins.PluginLoader.loadPluginFactories(PluginLoader.java:141)
	at com.eviware.soapui.plugins.PluginLoader.loadPlugin(PluginLoader.java:104)
	at com.eviware.soapui.plugins.PluginLoader.loadPlugin(PluginLoader.java:54)
	at com.eviware.soapui.plugins.PluginManager.doInstallPlugin(PluginManager.java:141)
	at com.eviware.soapui.plugins.PluginManager.access$600(PluginManager.java:43)
	at com.eviware.soapui.plugins.PluginManager$LoadPluginsTask.computeSequentially(PluginManager.java:420)
	at com.eviware.soapui.plugins.PluginManager$LoadPluginsTask.compute(PluginManager.java:377)
	at com.eviware.soapui.plugins.PluginManager$LoadPluginsTask.compute(PluginManager.java:382)
	at com.eviware.soapui.plugins.PluginManager$LoadPluginsTask.compute(PluginManager.java:365)
	at java.util.concurrent.RecursiveTask.exec(RecursiveTask.java:94)
	at java.util.concurrent.ForkJoinTask.doExec(ForkJoinTask.java:289)
	at java.util.concurrent.ForkJoinPool$WorkQueue.runTask(ForkJoinPool.java:1056)
	at java.util.concurrent.ForkJoinPool.runWorker(ForkJoinPool.java:1692)
	at java.util.concurrent.ForkJoinWorkerThread.run(ForkJoinWorkerThread.java:157)
2020-08-21 15:01:36,946 ERROR [SoapUI] An error occurred [com.eviware.soapui.plugins.auto.factories.AutoDiscoveryMethodFactory], see error log for details
2020-08-21 15:01:36,947 ERROR [errorlog] java.lang.ClassNotFoundException: com.eviware.soapui.plugins.auto.factories.AutoDiscoveryMethodFactory
java.lang.ClassNotFoundException: com.eviware.soapui.plugins.auto.factories.AutoDiscoveryMethodFactory
	at org.codehaus.plexus.classworlds.strategy.SelfFirstStrategy.loadClass(SelfFirstStrategy.java:50)
	at org.codehaus.plexus.classworlds.realm.ClassRealm.unsynchronizedLoadClass(ClassRealm.java:271)
	at org.codehaus.plexus.classworlds.realm.ClassRealm.loadClass(ClassRealm.java:247)
	at org.codehaus.plexus.classworlds.realm.ClassRealm.loadClass(ClassRealm.java:239)
	at java.lang.Class.forName0(Native Method)
	at java.lang.Class.forName(Class.java:264)
	at com.eviware.soapui.plugins.LoaderBase.loadAutoFactories(LoaderBase.java:113)
	at com.eviware.soapui.plugins.LoaderBase.loadFactories(LoaderBase.java:80)
	at com.eviware.soapui.plugins.PluginLoader.loadPluginFactories(PluginLoader.java:141)
	at com.eviware.soapui.plugins.PluginLoader.loadPlugin(PluginLoader.java:104)
	at com.eviware.soapui.plugins.PluginLoader.loadPlugin(PluginLoader.java:54)
	at com.eviware.soapui.plugins.PluginManager.doInstallPlugin(PluginManager.java:141)
	at com.eviware.soapui.plugins.PluginManager.access$600(PluginManager.java:43)
	at com.eviware.soapui.plugins.PluginManager$LoadPluginsTask.computeSequentially(PluginManager.java:420)
	at com.eviware.soapui.plugins.PluginManager$LoadPluginsTask.compute(PluginManager.java:377)
	at com.eviware.soapui.plugins.PluginManager$LoadPluginsTask.compute(PluginManager.java:382)
	at com.eviware.soapui.plugins.PluginManager$LoadPluginsTask.compute(PluginManager.java:365)
	at java.util.concurrent.RecursiveTask.exec(RecursiveTask.java:94)
	at java.util.concurrent.ForkJoinTask.doExec(ForkJoinTask.java:289)
	at java.util.concurrent.ForkJoinPool$WorkQueue.runTask(ForkJoinPool.java:1056)
	at java.util.concurrent.ForkJoinPool.runWorker(ForkJoinPool.java:1692)
	at java.util.concurrent.ForkJoinWorkerThread.run(ForkJoinWorkerThread.java:157)
2020-08-21 15:01:37,211 INFO  [PluginManager] 4 plugins loaded in 4652 ms
2020-08-21 15:01:37,211 INFO  [DefaultSoapUICore] All plugins loaded
2020-08-21 15:01:38,743 INFO  [WsdlProject] Loaded project from [file:/C:/Users/SindhuMarar/Desktop/Project_Rest/my-app/Rest-Services-For-Project-soapui-project.xml]
2020-08-21 15:01:38,751 INFO  [SoapUITestCaseRunner] Running SoapUI tests in project [Rest_Services_Project_SDET]
2020-08-21 15:01:38,753 INFO  [SoapUITestCaseRunner] Running Project [Rest_Services_Project_SDET], runType = SEQUENTIAL
2020-08-21 15:01:38,785 INFO  [SoapUITestCaseRunner] Running SoapUI testcase [GetAccessToken]
2020-08-21 15:01:38,794 INFO  [SoapUITestCaseRunner] running step [TC001_GetAccessToken]
2020-08-21 15:01:40,224 INFO  [SoapUITestCaseRunner] Assertion [Valid HTTP Status Codes] has status VALID
2020-08-21 15:01:40,228 INFO  [SoapUITestCaseRunner] Finished running SoapUI testcase [GetAccessToken], time taken: 1241ms, status: FINISHED
2020-08-21 15:01:40,229 INFO  [SoapUITestCaseRunner] Running SoapUI testcase [GetAccessToken Login GetAdminUser and Logout]
2020-08-21 15:01:40,229 INFO  [SoapUITestCaseRunner] running step [TC002_GetAccessToken]
2020-08-21 15:01:40,635 INFO  [SoapUITestCaseRunner] Assertion [Valid HTTP Status Codes] has status VALID
2020-08-21 15:01:40,635 INFO  [SoapUITestCaseRunner] running step [FetchAccessToken]
2020-08-21 15:01:41,026 INFO  [log] {data={access_token=9021221a85ffa2988740edfb19df925de3e15a2a, expires_in=86400, token_type=Bearer}, error=[], success=1}
2020-08-21 15:01:41,030 INFO  [log] 9021221a85ffa2988740edfb19df925de3e15a2a
2020-08-21 15:01:41,038 INFO  [SoapUITestCaseRunner] running step [TC002_Login]
2020-08-21 15:01:41,834 INFO  [SoapUITestCaseRunner] Assertion [Valid HTTP Status Codes] has status VALID
2020-08-21 15:01:41,835 INFO  [SoapUITestCaseRunner] running step [TC002_GetAdminUser]
2020-08-21 15:01:42,587 INFO  [SoapUITestCaseRunner] Assertion [Valid HTTP Status Codes] has status VALID
2020-08-21 15:01:42,591 INFO  [SoapUITestCaseRunner] running step [TC002_Logout]
2020-08-21 15:01:43,306 INFO  [SoapUITestCaseRunner] Assertion [Valid HTTP Status Codes] has status VALID
2020-08-21 15:01:43,309 INFO  [SoapUITestCaseRunner] Finished running SoapUI testcase [GetAccessToken Login GetAdminUser and Logout], time taken: 3016ms, status: FINISHED
2020-08-21 15:01:43,325 INFO  [SoapUITestCaseRunner] Running SoapUI testcase [Create Category Sub Category and Product]
2020-08-21 15:01:43,326 INFO  [SoapUITestCaseRunner] running step [TC027_GetAccessToken]
2020-08-21 15:01:44,518 INFO  [log] {data={access_token=c61cc7e5c64448fb6a645ccecfd9cd1cfd95eae7, expires_in=86400, token_type=Bearer}, error=[], success=1}
2020-08-21 15:01:44,521 INFO  [log] c61cc7e5c64448fb6a645ccecfd9cd1cfd95eae7
2020-08-21 15:01:44,522 INFO  [SoapUITestCaseRunner] Assertion [Valid HTTP Status Codes] has status VALID
2020-08-21 15:01:44,523 INFO  [SoapUITestCaseRunner] Assertion [Script Assertion] has status VALID
2020-08-21 15:01:44,523 INFO  [SoapUITestCaseRunner] running step [FetchAccessToken]
2020-08-21 15:01:44,557 INFO  [log] {data={access_token=c61cc7e5c64448fb6a645ccecfd9cd1cfd95eae7, expires_in=86400, token_type=Bearer}, error=[], success=1}
2020-08-21 15:01:44,558 INFO  [log] c61cc7e5c64448fb6a645ccecfd9cd1cfd95eae7
2020-08-21 15:01:44,559 INFO  [SoapUITestCaseRunner] running step [TC027_Login]
2020-08-21 15:01:45,030 INFO  [SoapUITestCaseRunner] Assertion [Valid HTTP Status Codes] has status VALID
2020-08-21 15:01:45,032 INFO  [SoapUITestCaseRunner] running step [TC027_CreateCategory]
2020-08-21 15:01:45,776 INFO  [SoapUITestCaseRunner] Assertion [Valid HTTP Status Codes] has status VALID
2020-08-21 15:01:45,776 INFO  [SoapUITestCaseRunner] running step [FetchCategoryId]
2020-08-21 15:01:45,814 INFO  [log] {data={id=1737}, error=[], success=1}
2020-08-21 15:01:45,815 INFO  [log] 1737
2020-08-21 15:01:45,830 INFO  [SoapUITestCaseRunner] running step [TC027_CreateProduct]
2020-08-21 15:01:46,356 INFO  [SoapUITestCaseRunner] Assertion [Valid HTTP Status Codes] has status VALID
2020-08-21 15:01:46,357 INFO  [SoapUITestCaseRunner] running step [TC027_CreateSubCategory]
2020-08-21 15:01:46,856 INFO  [SoapUITestCaseRunner] Assertion [Valid HTTP Status Codes] has status VALID
2020-08-21 15:01:46,857 INFO  [SoapUITestCaseRunner] running step [TC027_Logout]
2020-08-21 15:01:47,626 INFO  [SoapUITestCaseRunner] Assertion [Valid HTTP Status Codes] has status VALID
2020-08-21 15:01:47,627 INFO  [SoapUITestCaseRunner] Finished running SoapUI testcase [Create Category Sub Category and Product], time taken: 4200ms, status: FINISHED
2020-08-21 15:01:47,629 INFO  [SoapUITestCaseRunner] Running SoapUI testcase [Create Customer Product and Order]
2020-08-21 15:01:47,630 INFO  [SoapUITestCaseRunner] running step [TC028_GetAccessToken]
2020-08-21 15:01:48,402 INFO  [log] {data={access_token=512a26e85c15863924a866e0d27df9d516135e6a, expires_in=86400, token_type=Bearer}, error=[], success=1}
2020-08-21 15:01:48,404 INFO  [log] 512a26e85c15863924a866e0d27df9d516135e6a
2020-08-21 15:01:48,405 INFO  [SoapUITestCaseRunner] Assertion [Valid HTTP Status Codes] has status VALID
2020-08-21 15:01:48,406 INFO  [SoapUITestCaseRunner] Assertion [Script Assertion] has status VALID
2020-08-21 15:01:48,406 INFO  [SoapUITestCaseRunner] running step [FetchAccessToken]
2020-08-21 15:01:48,427 INFO  [log] {data={access_token=512a26e85c15863924a866e0d27df9d516135e6a, expires_in=86400, token_type=Bearer}, error=[], success=1}
2020-08-21 15:01:48,428 INFO  [log] 512a26e85c15863924a866e0d27df9d516135e6a
2020-08-21 15:01:48,431 INFO  [SoapUITestCaseRunner] running step [TC028_Login]
2020-08-21 15:01:48,871 INFO  [SoapUITestCaseRunner] Assertion [Valid HTTP Status Codes] has status VALID
2020-08-21 15:01:48,871 INFO  [SoapUITestCaseRunner] running step [TC028_CreateCustomer]
2020-08-21 15:01:50,498 INFO  [SoapUITestCaseRunner] Assertion [Valid HTTP Status Codes] has status VALID
2020-08-21 15:01:50,498 INFO  [SoapUITestCaseRunner] running step [FetchCustId]
2020-08-21 15:01:50,543 INFO  [log] {data={id=1619}, error=[], success=1}
2020-08-21 15:01:50,544 INFO  [log] 1619
2020-08-21 15:01:50,547 INFO  [SoapUITestCaseRunner] running step [TC028_CreateProduct]
2020-08-21 15:01:51,295 INFO  [SoapUITestCaseRunner] Assertion [Valid HTTP Status Codes] has status VALID
2020-08-21 15:01:51,296 INFO  [SoapUITestCaseRunner] running step [FetchProductId]
2020-08-21 15:01:51,332 INFO  [log] {data={id=2188}, error=[], success=1}
2020-08-21 15:01:51,334 INFO  [log] 2188
2020-08-21 15:01:51,336 INFO  [SoapUITestCaseRunner] running step [TC028_CreateOrder]
2020-08-21 15:01:54,139 INFO  [SoapUITestCaseRunner] Assertion [Valid HTTP Status Codes] has status VALID
2020-08-21 15:01:54,140 INFO  [SoapUITestCaseRunner] running step [TC028_Logout]
2020-08-21 15:01:54,697 INFO  [SoapUITestCaseRunner] Assertion [Valid HTTP Status Codes] has status VALID
2020-08-21 15:01:54,698 INFO  [SoapUITestCaseRunner] Finished running SoapUI testcase [Create Customer Product and Order], time taken: 6967ms, status: FINISHED
2020-08-21 15:01:54,699 INFO  [SoapUITestCaseRunner] Running SoapUI testcase [Create Customer Product Order and Generate Invoice]
2020-08-21 15:01:54,702 INFO  [SoapUITestCaseRunner] running step [TC029_GetAccessToken]
2020-08-21 15:01:55,215 INFO  [log] {data={access_token=bee293321460572b0394e9f720fd2fe60a897d3e, expires_in=86400, token_type=Bearer}, error=[], success=1}
2020-08-21 15:01:55,215 INFO  [log] bee293321460572b0394e9f720fd2fe60a897d3e
2020-08-21 15:01:55,216 INFO  [SoapUITestCaseRunner] Assertion [Valid HTTP Status Codes] has status VALID
2020-08-21 15:01:55,217 INFO  [SoapUITestCaseRunner] Assertion [Script Assertion] has status VALID
2020-08-21 15:01:55,217 INFO  [SoapUITestCaseRunner] running step [FetchAccessToken]
2020-08-21 15:01:55,240 INFO  [log] {data={access_token=bee293321460572b0394e9f720fd2fe60a897d3e, expires_in=86400, token_type=Bearer}, error=[], success=1}
2020-08-21 15:01:55,240 INFO  [log] bee293321460572b0394e9f720fd2fe60a897d3e
2020-08-21 15:01:55,241 INFO  [SoapUITestCaseRunner] running step [TC029_Login]
2020-08-21 15:01:55,871 INFO  [SoapUITestCaseRunner] Assertion [Valid HTTP Status Codes] has status VALID
2020-08-21 15:01:55,872 INFO  [SoapUITestCaseRunner] running step [TC029_CreateCustomer]
2020-08-21 15:01:56,456 INFO  [SoapUITestCaseRunner] Assertion [Valid HTTP Status Codes] has status VALID
2020-08-21 15:01:56,456 INFO  [SoapUITestCaseRunner] running step [FetchCustId]
2020-08-21 15:01:56,498 INFO  [log] {data={id=1620}, error=[], success=1}
2020-08-21 15:01:56,498 INFO  [log] 1620
2020-08-21 15:01:56,501 INFO  [SoapUITestCaseRunner] running step [TC029_CreateProduct]
2020-08-21 15:01:57,853 INFO  [SoapUITestCaseRunner] Assertion [Valid HTTP Status Codes] has status VALID
2020-08-21 15:01:57,854 INFO  [SoapUITestCaseRunner] running step [FetchProductId]
2020-08-21 15:01:57,889 INFO  [log] {data={id=2189}, error=[], success=1}
2020-08-21 15:01:57,890 INFO  [log] 2189
2020-08-21 15:01:57,893 INFO  [SoapUITestCaseRunner] running step [TC029_CreateOrder]
2020-08-21 15:01:59,001 INFO  [SoapUITestCaseRunner] Assertion [Valid HTTP Status Codes] has status VALID
2020-08-21 15:01:59,002 INFO  [SoapUITestCaseRunner] running step [FetchOrderId]
2020-08-21 15:01:59,035 INFO  [log] {data={id=707}, error=[], success=1}
2020-08-21 15:01:59,036 INFO  [log] 707
2020-08-21 15:01:59,039 INFO  [SoapUITestCaseRunner] running step [GenerateInvoice]
2020-08-21 15:01:59,916 INFO  [SoapUITestCaseRunner] Assertion [Valid HTTP Status Codes] has status VALID
2020-08-21 15:01:59,916 INFO  [SoapUITestCaseRunner] running step [TC029_Logout]
2020-08-21 15:02:00,710 INFO  [SoapUITestCaseRunner] Assertion [Valid HTTP Status Codes] has status VALID
2020-08-21 15:02:00,711 INFO  [SoapUITestCaseRunner] Finished running SoapUI testcase [Create Customer Product Order and Generate Invoice], time taken: 5896ms, status: FINISHED
2020-08-21 15:02:00,718 INFO  [SoapUITestCaseRunner] Running SoapUI testcase [Data Driven Testing]
2020-08-21 15:02:00,719 INFO  [SoapUITestCaseRunner] running step [DataDriven Testing]
2020-08-21 15:02:01,091 INFO  [log] 2
2020-08-21 15:02:01,103 INFO  [log] upskills_admin
2020-08-21 15:02:01,108 INFO  [log] Talent4$$
2020-08-21 15:02:01,147 INFO  [log] com.eviware.soapui.impl.wsdl.testcase.WsdlTestCase@837b9b
2020-08-21 15:02:01,148 INFO  [SoapUITestCaseRunner] Running SoapUI testcase [GetAccessToken Login GetAdminUser and Logout]
2020-08-21 15:02:01,150 INFO  [SoapUITestCaseRunner] running step [TC002_GetAccessToken]
2020-08-21 15:02:01,638 INFO  [SoapUITestCaseRunner] Assertion [Valid HTTP Status Codes] has status VALID
2020-08-21 15:02:01,638 INFO  [SoapUITestCaseRunner] running step [FetchAccessToken]
2020-08-21 15:02:01,639 INFO  [log] {data={access_token=5907caf65db3dab0536ab4627c5bcbac6ad2ffa7, expires_in=86400, token_type=Bearer}, error=[], success=1}
2020-08-21 15:02:01,640 INFO  [log] 5907caf65db3dab0536ab4627c5bcbac6ad2ffa7
2020-08-21 15:02:01,652 INFO  [SoapUITestCaseRunner] running step [TC002_Login]
2020-08-21 15:02:02,315 INFO  [SoapUITestCaseRunner] Assertion [Valid HTTP Status Codes] has status VALID
2020-08-21 15:02:02,316 INFO  [SoapUITestCaseRunner] running step [TC002_GetAdminUser]
2020-08-21 15:02:03,944 INFO  [SoapUITestCaseRunner] Assertion [Valid HTTP Status Codes] has status VALID
2020-08-21 15:02:03,945 INFO  [SoapUITestCaseRunner] running step [TC002_Logout]
2020-08-21 15:02:06,074 INFO  [SoapUITestCaseRunner] Assertion [Valid HTTP Status Codes] has status VALID
2020-08-21 15:02:06,075 INFO  [SoapUITestCaseRunner] Finished running SoapUI testcase [GetAccessToken Login GetAdminUser and Logout], time taken: 4899ms, status: FINISHED
2020-08-21 15:02:06,077 INFO  [SoapUITestCaseRunner] Finished running SoapUI testcase [Data Driven Testing], time taken: 5355ms, status: FINISHED
2020-08-21 15:02:06,078 INFO  [SoapUITestCaseRunner] Running SoapUI testcase [DataBase Testing]
2020-08-21 15:02:06,079 INFO  [SoapUITestCaseRunner] running step [DataBase Testing]
2020-08-21 15:02:06,357 INFO  [log] upskills_admin
2020-08-21 15:02:06,357 INFO  [log] Talent4$$
2020-08-21 15:02:06,359 INFO  [log] com.eviware.soapui.impl.wsdl.testcase.WsdlTestCase@837b9b
2020-08-21 15:02:06,369 INFO  [SoapUITestCaseRunner] Running SoapUI testcase [GetAccessToken Login GetAdminUser and Logout]
2020-08-21 15:02:06,371 INFO  [SoapUITestCaseRunner] running step [TC002_GetAccessToken]
2020-08-21 15:02:07,431 INFO  [SoapUITestCaseRunner] Assertion [Valid HTTP Status Codes] has status VALID
2020-08-21 15:02:07,431 INFO  [SoapUITestCaseRunner] running step [FetchAccessToken]
2020-08-21 15:02:07,433 INFO  [log] {data={access_token=c0bb21c6f3c25e97d850dfa7943dcec3353d41bc, expires_in=86400, token_type=Bearer}, error=[], success=1}
2020-08-21 15:02:07,433 INFO  [log] c0bb21c6f3c25e97d850dfa7943dcec3353d41bc
2020-08-21 15:02:07,435 INFO  [SoapUITestCaseRunner] running step [TC002_Login]
2020-08-21 15:02:07,922 INFO  [SoapUITestCaseRunner] Assertion [Valid HTTP Status Codes] has status VALID
2020-08-21 15:02:07,923 INFO  [SoapUITestCaseRunner] running step [TC002_GetAdminUser]
2020-08-21 15:02:08,503 INFO  [SoapUITestCaseRunner] Assertion [Valid HTTP Status Codes] has status VALID
2020-08-21 15:02:08,506 INFO  [SoapUITestCaseRunner] running step [TC002_Logout]
2020-08-21 15:02:09,533 INFO  [SoapUITestCaseRunner] Assertion [Valid HTTP Status Codes] has status VALID
2020-08-21 15:02:09,534 INFO  [SoapUITestCaseRunner] Finished running SoapUI testcase [GetAccessToken Login GetAdminUser and Logout], time taken: 3113ms, status: FINISHED
2020-08-21 15:02:09,535 INFO  [SoapUITestCaseRunner] Finished running SoapUI testcase [DataBase Testing], time taken: 3447ms, status: FINISHED
2020-08-21 15:02:09,537 INFO  [SoapUITestCaseRunner] Project [Rest_Services_Project_SDET] finished with status [FINISHED] in 30777ms
2020-08-21 15:02:12,776 WARN  [Tools] Could not delete temporary directory C:\Users\SINDHU~1\AppData\Local\Temp\681359d9-f50a-4776-8891-6842c5a89aa3
2020-08-21 15:02:12,780 WARN  [Tools] Could not delete temporary directory C:\Users\SINDHU~1\AppData\Local\Temp\f46c4d62-8634-448f-9eea-7ea7422608ec
